[Step3] Calculate association between perturbations
--- Configuration Loaded ---
{
    "cutoff": {
        "pval_cutoff": 0.01,
        "distance_cutoff": 0
    },
    "clustering": {
        "method": "Affinity"
    }
}
--------------------------
--- Processing PCA data ---
Loading existing PCA file '/project/GCRB/Hon_lab/s223695/Data_project/Perturb_seq_edist_pipeline/pipeline_output/pca_dataframe.pickle'.

--- Processing gRNA dictionary ---
Loading existing gRNA dictionary file '/project/GCRB/Hon_lab/s223695/Data_project/Perturb_seq_edist_pipeline/pipeline_output/gRNA_dictionary.pickle'.
gRNA dictionary loaded successfully. Found 11634 types of gRNAs.

--- Processing finished ---
Load csv formated annotation file
annotation file loaded
--------
safe-targeting: 0 gRNAs
non-targeting: 600 gRNAs
targeting: 13142 gRNAs
positive control: 18 gRNAs
negative control: 598 gRNAs
variant: 0 gRNAs
All steps completed successfully.
